Compiling the C compiler identification source file "CMakeCCompilerId.c" failed.
Compiler: /usr/bin/cdt-cc 
Build flags: -O3
Id flags:  

The output was:
255
wasm-ld: error: fatal failure: contract with no actions and trying to create dispatcher
Exit due to wasm-ld failure


Compiling the CXX compiler identification source file "CMakeCXXCompilerId.cpp" failed.
Compiler: /usr/bin/cdt-cpp 
Build flags: -O3
Id flags:  

The output was:
255
wasm-ld: error: fatal failure: contract with no actions and trying to create dispatcher
Exit due to wasm-ld failure


Detecting C compiler ABI info failed to compile with the following output:
Change Dir: /Users/aaron/Documents/flon/gnos.contracts/build/contracts/CMakeFiles/CMakeTmp

Run Build Command(s):/usr/bin/gmake -f Makefile cmTC_d391d/fast && gmake[3]: Entering directory '/Users/aaron/Documents/flon/gnos.contracts/build/contracts/CMakeFiles/CMakeTmp'
/usr/bin/gmake  -f CMakeFiles/cmTC_d391d.dir/build.make CMakeFiles/cmTC_d391d.dir/build
gmake[4]: Entering directory '/Users/aaron/Documents/flon/gnos.contracts/build/contracts/CMakeFiles/CMakeTmp'
Building C object CMakeFiles/cmTC_d391d.dir/CMakeCCompilerABI.c.obj
/usr/bin/cdt-cc   -O3    -v -MD -MT CMakeFiles/cmTC_d391d.dir/CMakeCCompilerABI.c.obj -MF CMakeFiles/cmTC_d391d.dir/CMakeCCompilerABI.c.obj.d -o CMakeFiles/cmTC_d391d.dir/CMakeCCompilerABI.c.obj -c /usr/share/cmake-3.22/Modules/CMakeCCompilerABI.c
clang version 9.0.1 (https://github.com/AntelopeIO/cdt-clang 1baf03bbaa65a20b3de00fede1bc039666006c8c) (https://github.com/fullon-labs/cdt-llvm 582a4797bb0dcd9ade973606e69254cdaa849c1b)
Target: x86_64-unknown-linux-gnu
Thread model: posix
InstalledDir: /Users/aaron/Documents/flon/gnos.contracts/build/contracts/CMakeFiles/CMakeTmp
Found candidate GCC installation: /usr/lib/gcc/x86_64-linux-gnu/11
Selected GCC installation: /usr/lib/gcc/x86_64-linux-gnu/11
Candidate multilib: .;@m64
Selected multilib: .;@m64
Linking C executable cmTC_d391d.wasm
/usr/bin/cmake -E cmake_link_script CMakeFiles/cmTC_d391d.dir/link.txt --verbose=1
/usr/bin/cdt-ld  -v CMakeFiles/cmTC_d391d.dir/CMakeCCompilerABI.c.obj -o cmTC_d391d.wasm 
cdt-ld: Unknown command line argument '-v'.  Try: '/usr/bin/cdt-ld --help'
cdt-ld: Did you mean '  -L'?
gmake[4]: *** [CMakeFiles/cmTC_d391d.dir/build.make:100: cmTC_d391d.wasm] Error 1
gmake[4]: Leaving directory '/Users/aaron/Documents/flon/gnos.contracts/build/contracts/CMakeFiles/CMakeTmp'
gmake[3]: *** [Makefile:127: cmTC_d391d/fast] Error 2
gmake[3]: Leaving directory '/Users/aaron/Documents/flon/gnos.contracts/build/contracts/CMakeFiles/CMakeTmp'




Detecting CXX compiler ABI info failed to compile with the following output:
Change Dir: /Users/aaron/Documents/flon/gnos.contracts/build/contracts/CMakeFiles/CMakeTmp

Run Build Command(s):/usr/bin/gmake -f Makefile cmTC_35aae/fast && gmake[3]: Entering directory '/Users/aaron/Documents/flon/gnos.contracts/build/contracts/CMakeFiles/CMakeTmp'
/usr/bin/gmake  -f CMakeFiles/cmTC_35aae.dir/build.make CMakeFiles/cmTC_35aae.dir/build
gmake[4]: Entering directory '/Users/aaron/Documents/flon/gnos.contracts/build/contracts/CMakeFiles/CMakeTmp'
Building CXX object CMakeFiles/cmTC_35aae.dir/CMakeCXXCompilerABI.cpp.obj
/usr/bin/cdt-cpp   -O3    -v -MD -MT CMakeFiles/cmTC_35aae.dir/CMakeCXXCompilerABI.cpp.obj -MF CMakeFiles/cmTC_35aae.dir/CMakeCXXCompilerABI.cpp.obj.d -o CMakeFiles/cmTC_35aae.dir/CMakeCXXCompilerABI.cpp.obj -c /usr/share/cmake-3.22/Modules/CMakeCXXCompilerABI.cpp
clang version 9.0.1 (https://github.com/AntelopeIO/cdt-clang 1baf03bbaa65a20b3de00fede1bc039666006c8c) (https://github.com/fullon-labs/cdt-llvm 582a4797bb0dcd9ade973606e69254cdaa849c1b)
Target: x86_64-unknown-linux-gnu
Thread model: posix
InstalledDir: /Users/aaron/Documents/flon/gnos.contracts/build/contracts/CMakeFiles/CMakeTmp
Found candidate GCC installation: /usr/lib/gcc/x86_64-linux-gnu/11
Selected GCC installation: /usr/lib/gcc/x86_64-linux-gnu/11
Candidate multilib: .;@m64
Selected multilib: .;@m64
Linking CXX executable cmTC_35aae.wasm
/usr/bin/cmake -E cmake_link_script CMakeFiles/cmTC_35aae.dir/link.txt --verbose=1
/usr/bin/cdt-ld  -v CMakeFiles/cmTC_35aae.dir/CMakeCXXCompilerABI.cpp.obj -o cmTC_35aae.wasm 
cdt-ld: Unknown command line argument '-v'.  Try: '/usr/bin/cdt-ld --help'
cdt-ld: Did you mean '  -L'?
gmake[4]: *** [CMakeFiles/cmTC_35aae.dir/build.make:100: cmTC_35aae.wasm] Error 1
gmake[4]: Leaving directory '/Users/aaron/Documents/flon/gnos.contracts/build/contracts/CMakeFiles/CMakeTmp'
gmake[3]: *** [Makefile:127: cmTC_35aae/fast] Error 2
gmake[3]: Leaving directory '/Users/aaron/Documents/flon/gnos.contracts/build/contracts/CMakeFiles/CMakeTmp'




